  Building Custom Rule C:/Users/Eduardo/Documents/Github/edualvarado/07_ComputerGraphics/INF585/inf585_vcl/scenes/inf585/09_stable_fluids/CMakeLists.txt
  basic_types.cpp
  error.cpp
  rand.cpp
  string.cpp
  test_buffer.cpp
  test_buffer_stack.cpp
  test_grid.cpp
  test_grid_stack_2D.cpp
  offset_grid.cpp
  curve_drawable.cpp
  mesh_drawable.cpp
  mesh_normal_drawable.cpp
  mesh_wireframe_drawable.cpp
  segments_drawable.cpp
  shading_parameters.cpp
  trajectory_drawable.cpp
  image.cpp
  debug.cpp
  opengl_helper.cpp
  shaders.cpp
  texture.cpp
  uniform.cpp
  window.cpp
  files.cpp
  camera_around_center.cpp
  camera_base.cpp
  camera_head.cpp
  camera_spherical_coordinates.cpp
  common_functions.cpp
  glfw_interaction.cpp
  gui.cpp
  timer_basic.cpp
  timer_event_periodic.cpp
  timer_fps.cpp
  timer_interval.cpp
  velocity_tracker.cpp
  affine_rt.cpp
  affine_rts.cpp
  frame.cpp
  interpolation.cpp
  mat4.cpp
  test_matrix_stack.cpp
  projection.cpp
  quaternion.cpp
  rotation.cpp
  test_rotation.cpp
  test_vec_mat.cpp
  vec_mat.cpp
  shaders_preset.cpp
  curve.cpp
  intersection.cpp
  obj.cpp
  mesh_primitive.cpp
  mesh.cpp
  noise.cpp
  glad.cpp
  imgui.cpp
  imgui_demo.cpp
  imgui_draw.cpp
  imgui_impl_glfw.cpp
  imgui_impl_opengl3.cpp
  imgui_widgets.cpp
  lodepng.cpp
  simplexnoise1234.cpp
  helper.cpp
  main.cpp
  simulation.cpp
  special_types.cpp
  special_types.cpp
  09_stable_fluids.vcxproj -> C:\Users\Eduardo\Documents\Github\edualvarado\07_ComputerGraphics\INF585\inf585_vcl\scenes\inf585\09_stable_fluids\09_stable_fluids.exe
